c:\users\administrator\desktop\sbs-c--\newbie_in_dungeon\newbie in dungeon\newbie in dungeon\x64\debug\vc143.pdb
c:\users\administrator\desktop\sbs-c--\newbie_in_dungeon\newbie in dungeon\newbie in dungeon\x64\debug\vc143.idb
c:\users\administrator\desktop\sbs-c--\newbie_in_dungeon\newbie in dungeon\newbie in dungeon\x64\debug\slime.obj
c:\users\administrator\desktop\sbs-c--\newbie_in_dungeon\newbie in dungeon\newbie in dungeon\x64\debug\player.obj
c:\users\administrator\desktop\sbs-c--\newbie_in_dungeon\newbie in dungeon\newbie in dungeon\x64\debug\newbie in dungeon.obj
c:\users\administrator\desktop\sbs-c--\newbie_in_dungeon\newbie in dungeon\newbie in dungeon\x64\debug\monster.obj
c:\users\administrator\desktop\sbs-c--\newbie_in_dungeon\newbie in dungeon\x64\debug\newbie in dungeon.exe
c:\users\administrator\desktop\sbs-c--\newbie_in_dungeon\newbie in dungeon\x64\debug\newbie in dungeon.pdb
c:\users\administrator\desktop\sbs-c--\newbie_in_dungeon\newbie in dungeon\newbie in dungeon\x64\debug\newbie in dungeon.ilk
c:\users\administrator\desktop\sbs-c--\newbie_in_dungeon\newbie in dungeon\newbie in dungeon\x64\debug\emptytile.obj
c:\users\administrator\desktop\sbs-c--\newbie_in_dungeon\newbie in dungeon\newbie in dungeon\x64\debug\gamemanager.obj
c:\users\administrator\desktop\sbs-c--\newbie_in_dungeon\newbie in dungeon\newbie in dungeon\x64\debug\monstertile.obj
c:\users\administrator\desktop\sbs-c--\newbie_in_dungeon\newbie in dungeon\newbie in dungeon\x64\debug\resttile.obj
c:\users\administrator\desktop\sbs-c--\newbie_in_dungeon\newbie in dungeon\newbie in dungeon\x64\debug\tile.obj
c:\users\administrator\desktop\sbs-c--\newbie_in_dungeon\newbie in dungeon\newbie in dungeon\x64\debug\newbie i.8491e00e.tlog\cl.command.1.tlog
c:\users\administrator\desktop\sbs-c--\newbie_in_dungeon\newbie in dungeon\newbie in dungeon\x64\debug\newbie i.8491e00e.tlog\cl.items.tlog
c:\users\administrator\desktop\sbs-c--\newbie_in_dungeon\newbie in dungeon\newbie in dungeon\x64\debug\newbie i.8491e00e.tlog\cl.read.1.tlog
c:\users\administrator\desktop\sbs-c--\newbie_in_dungeon\newbie in dungeon\newbie in dungeon\x64\debug\newbie i.8491e00e.tlog\cl.write.1.tlog
c:\users\administrator\desktop\sbs-c--\newbie_in_dungeon\newbie in dungeon\newbie in dungeon\x64\debug\newbie i.8491e00e.tlog\link.command.1.tlog
c:\users\administrator\desktop\sbs-c--\newbie_in_dungeon\newbie in dungeon\newbie in dungeon\x64\debug\newbie i.8491e00e.tlog\link.read.1.tlog
c:\users\administrator\desktop\sbs-c--\newbie_in_dungeon\newbie in dungeon\newbie in dungeon\x64\debug\newbie i.8491e00e.tlog\link.secondary.1.tlog
c:\users\administrator\desktop\sbs-c--\newbie_in_dungeon\newbie in dungeon\newbie in dungeon\x64\debug\newbie i.8491e00e.tlog\link.write.1.tlog
